Arguments: 
  C:\Program Files\nodejs\node.exe C:\Program Files (x86)\Yarn\bin\yarn.js add gulp

PATH: 
  C:\Users\Akinwale\bin;C:\Program Files\Git\mingw64\bin;C:\Program Files\Git\usr\local\bin;C:\Program Files\Git\usr\bin;C:\Program Files\Git\usr\bin;C:\Program Files\Git\mingw64\bin;C:\Program Files\Git\usr\bin;C:\Users\Akinwale\bin;C:\Perl64\site\bin;C:\Perl64\bin;C:\ProgramData\Oracle\Java\javapath;C:\Windows\system32;C:\Windows;C:\Windows\System32\Wbem;C:\Windows\System32\WindowsPowerShell\v1.0;C:\HashiCorp\Vagrant\bin;C:\Program Files (x86)\scala\bin;C:\Users\Akinwale\Documents\scala\typesafe-activator-1.3.6\activator-dist-1.3.6;C:\Program Files (x86)\Brackets\command;C:\Program Files\nodejs;C:\Users\Akinwale\AppData\Roaming\nvm\v7.0.0\C;C:\Program Files\Git\Users\Akinwale\AppData\Roaming\npm;C:\Users\Akinwale\Documents\nand2tetris\nand2tetris\tools;C:\Program Files (x86)\sbt-0.13.9\sbt;C:\Program Files (x86)\sbt\bin;C:\Program Files (x86)\CMake\bin;C:\Users\Akinwale\Documents\spark-1.6.0\spark-1.6.0\bin;C:\Users\Akinwale\Documents\spark-1.6.0\spark-1.6.0\build\apache-maven-3.3.3\bin;C:\Users\Akinwale\Documents\spark-1.6.0\spark-1.6.0\build\zinc-0.3.5.3\bin;C:\Users\Akinwale\Documents\DevKit\bin;C:\Users\Akinwale\Documents\DevKit;C:\Users\Akinwale\Documents\DevKit\mingw\bin;C:\Users\Akinwale\AppData\Roaming\npm;C:\devkit;C:\Program Files (x86)\Skype;C:\Users\Akinwale\AppData\Roaming\nvm;C:\Program Files\nodejs;C:\Program Files (x86)\Google\Chrome\Application;C:\Program Files\MongoDB\Server\3.2\bin;C:\Program Files (x86)\Heroku\bin;C:\Program Files (x86)\git\cmd;C:\Python27;C:\Program Files (x86)\nodejs;C:\Program Files (x86)\Skype\Phone;C:\Users\Akinwale\.atom\packages\php-cs-fixer;C:\WINDOWS\system32;C:\WINDOWS;C:\WINDOWS\System32\Wbem;C:\WINDOWS\System32\WindowsPowerShell\v1.0;C:\xampp\php;C:\Users\Akinwale;C:\ProgramData\ComposerSetup\bin;C:\ProgramData\chocolatey\bin;C:\Program Files (x86)\Yarn\bin;C:\Users\Akinwale\AppData\Local\Temp\phantomjs\phantomjs-1.9.8-windows;C:\Program Files\Git\cmd;C:\Program Files (x86)\Microsoft Emulator Manager\1.0;C:\Program Files\Microsoft SQL Server\Client SDK\ODBC\110\Tools\Binn;C:\Program Files (x86)\Microsoft SQL Server\120\Tools\Binn;C:\Program Files\Microsoft SQL Server\120\Tools\Binn;C:\Program Files\Microsoft SQL Server\120\DTS\Binn;C:\Program Files\Microsoft SQL Server\130\Tools\Binn;C:\Program Files\dotnet;C:\Program Files (x86)\NVIDIA Corporation\PhysX\Common;C:\Program Files (x86)\LINQPad5;C:\Program Files\Amazon\AWSCLI;C:\RailsInstaller\Ruby2.2.0\bin;C:\Users\Akinwale\AppData\Local\Programs\Python\Python35-32\Scripts;C:\Users\Akinwale\AppData\Local\Programs\Python\Python35-32;C:\Program Files (x86)\Java\jdk1.8.0_25\bin;C:\Users\Akinwale\Documents\scala\typesafe-activator-1.3.6\activator-dist-1.3.6;C:\Users\Akinwale\Documents\scala\typesafe-activator-1.3.6\activator-dist-1.3.6\repository\com.typesafe.play\play_2.11\2.4.2\jars;C:\Users\Akinwale\AppData\Roaming\npmC;C:\Program Files\Git\Users\Akinwale\AppData\Roaming\npmC;C:\Program Files\Git\Users\Akinwale\AppData\Roaming\npm;C:\Program Files (x86)\sbt-0.13.9\sbt;C:\Users\Akinwale\AppData\Local\atom\bin;C:\Users\Akinwale\AppData\Local\GitHubCLI\bin;C:\Program Files\Sublime Text 3;C:\Users\Akinwale\AppData\Roaming\nvm;C:\Program Files\nodejs;C:\Program Files\Git\usr\bin;C:\Program Files\MongoDB\Server\3.2\bin;C:\Users\Akinwale\AppData\Roaming\npm;C:\Program Files (x86)\MSBuild\12.0\Bin;C:\Program Files\Boot2Docker for Windows;C:\Users\Akinwale\AppData\Roaming\Composer\vendor\bin;C:\Users\Akinwale\AppData\Local\Yarn\.bin;C:\Program Files\Heroku\bin;C:\Program Files\Microsoft VS Code\bin;C:\Users\Akinwale\Downloads\gloc-0.5.4b\gloc-0.5.4b;C:\Program Files\Git\usr\bin\vendor_perl;C:\Program Files\Git\usr\bin\core_perl

Yarn version: 
  0.23.3

Node version: 
  7.0.0

Platform: 
  win32 x64

npm manifest: 
  {
      "name": "jws",
      "version": "0.0.0",
      "private": true,
      "scripts": {
          "start": "node app.js",
          "build": "gulp"
      },
      "dependencies": {
          "body-parser": "~1.18.2",
          "cookie-parser": "~1.4.3",
          "debug": "~2.6.9",
          "express": "~4.15.5",
          "morgan": "~1.9.0",
          "pug": "2.0.0-beta11",
          "serve-favicon": "~2.4.5"
      },
      "engines": {
          "node": "7.0.0"
      },
      "main": "index.js",
      "repository": "https://github.com/waleander/jws.com",
      "author": "Akin Oluyele <waleander@gmail.com>",
      "license": "MIT"
  }

yarn manifest: 
  No manifest

Lockfile: 
  No lockfile

Trace: 
  Error: EPERM: operation not permitted, unlink 'C:\Users\Akinwale\documents\jaracarews\jws\node_modules\node-sass\vendor\win32-x64-51\binding.node'
